<?xml version="1.0" encoding="UTF-8"?>
<testng-results ignored="0" total="3" passed="3" failed="0" skipped="0">
  <reporter-output>
  </reporter-output>
  <suite started-at="2024-11-25T16:40:47 IST" name="Default suite" finished-at="2024-11-25T16:40:54 IST" duration-ms="7016">
    <groups>
    </groups>
    <test started-at="2024-11-25T16:40:47 IST" name="Default test" finished-at="2024-11-25T16:40:54 IST" duration-ms="7016">
      <class name="org.dailybuzz.testscript.DailyBuzzTestScripts">
        <test-method is-config="true" signature="initDriver()[pri:0, instance:org.dailybuzz.testscript.DailyBuzzTestScripts@221a3fa4]" started-at="2024-11-25T16:40:47 IST" name="initDriver" finished-at="2024-11-25T16:40:52 IST" duration-ms="4987" status="PASS">
          <reporter-output>
          </reporter-output>
        </test-method> <!-- initDriver -->
        <test-method signature="loginToTheApplication()[pri:0, instance:org.dailybuzz.testscript.DailyBuzzTestScripts@221a3fa4]" started-at="2024-11-25T16:40:52 IST" name="loginToTheApplication" description="Verify the Application is loaded successfully!" finished-at="2024-11-25T16:40:52 IST" duration-ms="51" status="PASS">
          <reporter-output>
          </reporter-output>
        </test-method> <!-- loginToTheApplication -->
        <test-method signature="verifyTheHeadersAreDisplayedAndClickable()[pri:0, instance:org.dailybuzz.testscript.DailyBuzzTestScripts@221a3fa4]" started-at="2024-11-25T16:40:52 IST" name="verifyTheHeadersAreDisplayedAndClickable" description="Verify the Headers are displayed and the user able to click it." finished-at="2024-11-25T16:40:53 IST" duration-ms="416" status="PASS">
          <reporter-output>
          </reporter-output>
        </test-method> <!-- verifyTheHeadersAreDisplayedAndClickable -->
        <test-method signature="verifyTheTitles()[pri:0, instance:org.dailybuzz.testscript.DailyBuzzTestScripts@221a3fa4]" started-at="2024-11-25T16:40:53 IST" name="verifyTheTitles" description="Verify the Titles are displayed." finished-at="2024-11-25T16:40:53 IST" duration-ms="83" status="PASS">
          <reporter-output>
          </reporter-output>
        </test-method> <!-- verifyTheTitles -->
        <test-method is-config="true" signature="quitDriver()[pri:0, instance:org.dailybuzz.testscript.DailyBuzzTestScripts@221a3fa4]" started-at="2024-11-25T16:40:53 IST" name="quitDriver" finished-at="2024-11-25T16:40:54 IST" duration-ms="1126" status="PASS">
          <reporter-output>
          </reporter-output>
        </test-method> <!-- quitDriver -->
      </class> <!-- org.dailybuzz.testscript.DailyBuzzTestScripts -->
    </test> <!-- Default test -->
  </suite> <!-- Default suite -->
</testng-results>
